<?xml version="1.0" encoding="UTF-8"?>
<!-- Generated by org.testng.reporters.JUnitReportReporter -->
<testsuite skipped="0" hostname="Roshini-Reddy-Allam" name="Base.BaseClass" tests="1" failures="0" timestamp="11 Jul 2020 19:30:50 GMT" time="5.959" errors="0">
  <testcase name="BrowserSetUp" time="5.959" classname="Base.BaseClass"/>
</testsuite> <!-- Base.BaseClass -->
